<?xml version="1.0" encoding="UTF-8"?>
<!-- Generated by org.testng.reporters.JUnitReportReporter -->
<testsuite skipped="0" hostname="vicky-PC" name="runner.FaceBookLoginRunner" tests="1" failures="0" timestamp="09 Jun 2020 13:17:39 GMT" time="20.520" errors="0">
  <testcase name="feature" time="20.520" classname="runner.FaceBookLoginRunner"/>
</testsuite> <!-- runner.FaceBookLoginRunner -->
