<?xml version="1.0" encoding="UTF-8"?>
<!-- Generated by org.testng.reporters.JUnitReportReporter -->
<testsuite skipped="0" hostname="vicky-PC" name="runner.DegitalBankTwoRunner" tests="1" failures="0" timestamp="10 Jun 2020 14:04:05 GMT" time="64.809" errors="0">
  <testcase name="feature" time="64.809" classname="runner.DegitalBankTwoRunner"/>
</testsuite> <!-- runner.DegitalBankTwoRunner -->
