<?xml version="1.0" encoding="UTF-8"?>
<!-- Generated by org.testng.reporters.JUnitReportReporter -->
<testsuite skipped="0" hostname="vicky-PC" name="runner.HooksExampleRunner" tests="1" failures="0" timestamp="11 Jun 2020 06:40:55 GMT" time="0.206" errors="0">
  <testcase name="feature" time="0.206" classname="runner.HooksExampleRunner"/>
</testsuite> <!-- runner.HooksExampleRunner -->
