<?xml version="1.0" encoding="UTF-8"?>
<!-- Generated by org.testng.reporters.JUnitReportReporter -->
<testsuite skipped="0" hostname="vicky-PC" name="runner.TagingExampleRunner" tests="1" failures="0" timestamp="11 Jun 2020 05:37:50 GMT" time="0.177" errors="0">
  <testcase name="feature" time="0.177" classname="runner.TagingExampleRunner"/>
</testsuite> <!-- runner.TagingExampleRunner -->
