<?xml version="1.0" encoding="UTF-8"?>
<!-- Generated by org.testng.reporters.JUnitReportReporter -->
<testsuite skipped="0" hostname="vicky-PC" name="runner.TaggedHooksExampleRunner" tests="1" failures="0" timestamp="11 Jun 2020 08:13:49 GMT" time="0.211" errors="0">
  <testcase name="feature" time="0.211" classname="runner.TaggedHooksExampleRunner"/>
</testsuite> <!-- runner.TaggedHooksExampleRunner -->
