<?xml version="1.0" encoding="UTF-8"?>
<!-- Generated by org.testng.reporters.JUnitReportReporter -->
<testsuite skipped="0" hostname="vicky-PC" name="runner.LoginRunner" tests="1" failures="0" timestamp="11 Jun 2020 05:34:23 GMT" time="18.505" errors="0">
  <testcase name="feature" time="18.505" classname="runner.LoginRunner"/>
</testsuite> <!-- runner.LoginRunner -->
