<?xml version="1.0" encoding="UTF-8"?>
<!-- Generated by org.testng.reporters.JUnitReportReporter -->
<testsuite skipped="0" hostname="vicky-PC" name="runner.DegitalBankRunner" tests="1" failures="0" timestamp="10 Jun 2020 11:16:07 GMT" time="52.976" errors="0">
  <testcase name="feature" time="52.976" classname="runner.DegitalBankRunner"/>
</testsuite> <!-- runner.DegitalBankRunner -->
